SF:lib\stat_tracker.dart
DA:5,1
DA:6,1
DA:12,1
DA:13,1
DA:14,3
DA:15,2
DA:16,1
DA:18,2
DA:21,1
DA:27,0
DA:28,0
DA:29,0
DA:30,0
DA:31,0
DA:32,0
DA:33,0
DA:37,0
DA:38,0
DA:39,0
DA:40,0
DA:41,0
DA:42,0
DA:44,0
DA:45,0
DA:46,0
DA:47,0
DA:54,1
DA:55,1
DA:59,1
DA:60,2
DA:64,1
DA:65,4
DA:66,4
DA:67,4
DA:68,4
DA:72,1
DA:73,2
DA:74,2
DA:75,4
DA:76,4
DA:77,4
DA:81,1
DA:82,4
DA:83,4
DA:84,4
DA:85,3
DA:89,1
DA:90,2
DA:91,2
DA:92,4
DA:93,4
DA:94,3
DA:98,1
DA:99,1
DA:101,2
DA:102,6
DA:103,1
DA:108,1
DA:109,1
DA:110,2
DA:111,4
DA:112,1
DA:113,1
DA:114,1
DA:119,1
DA:120,1
DA:122,2
DA:123,5
DA:124,1
DA:129,1
DA:130,1
DA:132,2
DA:134,5
DA:135,1
DA:154,1
DA:155,1
DA:156,1
DA:159,1
DA:160,2
DA:161,2
DA:162,2
DA:163,2
DA:164,2
DA:165,2
DA:168,1
DA:169,2
DA:170,2
DA:171,2
DA:172,2
DA:177,1
DA:179,1
DA:180,1
DA:181,1
DA:182,0
DA:183,1
DA:184,1
DA:185,1
DA:186,1
DA:192,1
DA:194,1
DA:196,1
DA:198,1
DA:200,1
DA:207,1
DA:210,1
DA:211,3
DA:212,1
DA:213,3
DA:214,1
DA:216,3
DA:217,1
DA:219,3
DA:227,1
DA:229,2
DA:230,3
DA:234,1
DA:236,3
DA:237,2
LF:118
LH:100
end_of_record
